This file contains any messages produced by compilers while
running configure, to aid debugging if configure makes a mistake.

It was created by copipe configure 1.0, which was
generated by GNU Autoconf 2.69.  Invocation command line was

  $ ./configure LIBS=-lboost_system CXXFLAGS=-std=c++11

## --------- ##
## Platform. ##
## --------- ##

hostname = MICKY.local
uname -m = x86_64
uname -r = 14.0.0
uname -s = Darwin
uname -v = Darwin Kernel Version 14.0.0: Fri Sep 19 00:26:44 PDT 2014; root:xnu-2782.1.97~2/RELEASE_X86_64

/usr/bin/uname -p = i386
/bin/uname -X     = unknown

/bin/arch              = unknown
/usr/bin/arch -k       = unknown
/usr/convex/getsysinfo = unknown
/usr/bin/hostinfo      = Mach kernel version:
	 Darwin Kernel Version 14.0.0: Fri Sep 19 00:26:44 PDT 2014; root:xnu-2782.1.97~2/RELEASE_X86_64
Kernel configured for up to 4 processors.
2 processors are physically available.
4 processors are logically available.
Processor type: x86_64h (Intel x86-64h Haswell)
Processors active: 0 1 2 3
Primary memory available: 4.00 gigabytes
Default processor set: 233 tasks, 1175 threads, 4 processors
Load average: 4.56, Mach factor: 1.51
/bin/machine           = unknown
/usr/bin/oslevel       = unknown
/bin/universe          = unknown

PATH: /Users/ysk/.rbenv/shims
PATH: /usr/local/opt/ruby/bin
PATH: /usr/local/bin
PATH: /usr/local/sbin
PATH: /usr/local/opt/coreutils/libexec/gnubin
PATH: /Users/ysk/.rbenv/shims
PATH: /usr/local/bin
PATH: /usr/bin
PATH: /bin
PATH: /usr/sbin
PATH: /sbin
PATH: /opt/X11/bin
PATH: /usr/texbin
PATH: /Users/ysk/bin/eclipse_macosx/bin/x86_64_macosx
PATH: /Users/ysk/bin/alchemy-2/bin
PATH: /Applications/NXWine.app/Contents/Resources/bin
PATH: /Users/ysk/.bin
PATH: /usr/local/bin
PATH: /usr/local/sbin
PATH: /usr/local/opt/coreutils/libexec/gnubin
PATH: /usr/local/bin
PATH: /usr/local/sbin
PATH: /usr/bin
PATH: /bin
PATH: /usr/sbin
PATH: /sbin
PATH: /opt/X11/bin
PATH: /usr/texbin
PATH: /Users/ysk/bin/alchemy-2/bin
PATH: /Applications/NXWine.app/Contents/Resources/bin
PATH: /Users/ysk/.bin


## ----------- ##
## Core tests. ##
## ----------- ##

configure:2293: checking for a BSD-compatible install
configure:2361: result: /usr/local/bin/ginstall -c
configure:2372: checking whether build environment is sane
configure:2427: result: yes
configure:2578: checking for a thread-safe mkdir -p
configure:2617: result: /usr/local/bin/gmkdir -p
configure:2624: checking for gawk
configure:2640: found /usr/local/bin/gawk
configure:2651: result: gawk
configure:2662: checking whether make sets $(MAKE)
configure:2684: result: yes
configure:2713: checking whether make supports nested variables
configure:2730: result: yes
configure:2916: checking for g++
configure:2932: found /usr/bin/g++
configure:2943: result: g++
configure:2970: checking for C++ compiler version
configure:2979: g++ --version >&5
Apple LLVM version 5.1 (clang-503.0.40) (based on LLVM 3.4svn)
Target: x86_64-apple-darwin14.0.0
Thread model: posix
Configured with: --prefix=/Applications/Xcode.app/Contents/Developer/usr --with-gxx-include-dir=/usr/include/c++/4.2.1
configure:2990: $? = 0
configure:2979: g++ -v >&5
Configured with: --prefix=/Applications/Xcode.app/Contents/Developer/usr --with-gxx-include-dir=/usr/include/c++/4.2.1
Apple LLVM version 5.1 (clang-503.0.40) (based on LLVM 3.4svn)
Target: x86_64-apple-darwin14.0.0
Thread model: posix
configure:2990: $? = 0
configure:2979: g++ -V >&5
clang: error: argument to '-V' is missing (expected 1 value)
clang: error: no input files
configure:2990: $? = 1
configure:2979: g++ -qversion >&5
clang: error: unknown argument: '-qversion' [-Wunused-command-line-argument-hard-error-in-future]
clang: note: this will be a hard error (cannot be downgraded to a warning) in the future
clang: error: no input files
configure:2990: $? = 1
configure:3010: checking whether the C++ compiler works
configure:3032: g++ -std=c++11  -I/usr/local/opt/libarchive/include -I/usr/local/opt/readline/include -I/usr/local/yap/include -I/usr/include -I/Applications/Xcode.app/Contents/Developer/Toolchains/XcodeDefault.xctoolchain/usr/include -I/Users/ysk/bin/eclipse_macosx/include/x86_64_macosx -I/usr/local/opt/glib/include/glib-2.0 -I/usr/local/opt/glibmm/include/glibmm-2.4 -I/usr/local/opt/libxml2/include/libxml2 -I/usr/local/opt/libxml++/include/libxml++-2.6 -I/usr/local/opt/zlib/include  -L/usr/local/opt/libarchive/lib -L/usr/local/opt/readline/lib -L/usr/local/yap/lib -L/usr/lib -L/Users/ysk/bin/eclipse_macosx/lib -L/usr/local/opt/libxml2/lib -L/usr/local/opt/glib/lib -L/usr/local/opt/glibmm/lib -I/usr/local/opt/libxml++/lib -L/usr/local/opt/zlib/lib conftest.cpp -lboost_system >&5
configure:3036: $? = 0
configure:3084: result: yes
configure:3087: checking for C++ compiler default output file name
configure:3089: result: a.out
configure:3095: checking for suffix of executables
configure:3102: g++ -o conftest -std=c++11  -I/usr/local/opt/libarchive/include -I/usr/local/opt/readline/include -I/usr/local/yap/include -I/usr/include -I/Applications/Xcode.app/Contents/Developer/Toolchains/XcodeDefault.xctoolchain/usr/include -I/Users/ysk/bin/eclipse_macosx/include/x86_64_macosx -I/usr/local/opt/glib/include/glib-2.0 -I/usr/local/opt/glibmm/include/glibmm-2.4 -I/usr/local/opt/libxml2/include/libxml2 -I/usr/local/opt/libxml++/include/libxml++-2.6 -I/usr/local/opt/zlib/include  -L/usr/local/opt/libarchive/lib -L/usr/local/opt/readline/lib -L/usr/local/yap/lib -L/usr/lib -L/Users/ysk/bin/eclipse_macosx/lib -L/usr/local/opt/libxml2/lib -L/usr/local/opt/glib/lib -L/usr/local/opt/glibmm/lib -I/usr/local/opt/libxml++/lib -L/usr/local/opt/zlib/lib conftest.cpp -lboost_system >&5
configure:3106: $? = 0
configure:3128: result: 
configure:3150: checking whether we are cross compiling
configure:3158: g++ -o conftest -std=c++11  -I/usr/local/opt/libarchive/include -I/usr/local/opt/readline/include -I/usr/local/yap/include -I/usr/include -I/Applications/Xcode.app/Contents/Developer/Toolchains/XcodeDefault.xctoolchain/usr/include -I/Users/ysk/bin/eclipse_macosx/include/x86_64_macosx -I/usr/local/opt/glib/include/glib-2.0 -I/usr/local/opt/glibmm/include/glibmm-2.4 -I/usr/local/opt/libxml2/include/libxml2 -I/usr/local/opt/libxml++/include/libxml++-2.6 -I/usr/local/opt/zlib/include  -L/usr/local/opt/libarchive/lib -L/usr/local/opt/readline/lib -L/usr/local/yap/lib -L/usr/lib -L/Users/ysk/bin/eclipse_macosx/lib -L/usr/local/opt/libxml2/lib -L/usr/local/opt/glib/lib -L/usr/local/opt/glibmm/lib -I/usr/local/opt/libxml++/lib -L/usr/local/opt/zlib/lib conftest.cpp -lboost_system >&5
configure:3162: $? = 0
configure:3169: ./conftest
configure:3173: $? = 0
configure:3188: result: no
configure:3193: checking for suffix of object files
configure:3215: g++ -c -std=c++11  -I/usr/local/opt/libarchive/include -I/usr/local/opt/readline/include -I/usr/local/yap/include -I/usr/include -I/Applications/Xcode.app/Contents/Developer/Toolchains/XcodeDefault.xctoolchain/usr/include -I/Users/ysk/bin/eclipse_macosx/include/x86_64_macosx -I/usr/local/opt/glib/include/glib-2.0 -I/usr/local/opt/glibmm/include/glibmm-2.4 -I/usr/local/opt/libxml2/include/libxml2 -I/usr/local/opt/libxml++/include/libxml++-2.6 -I/usr/local/opt/zlib/include conftest.cpp >&5
configure:3219: $? = 0
configure:3240: result: o
configure:3244: checking whether we are using the GNU C++ compiler
configure:3263: g++ -c -std=c++11  -I/usr/local/opt/libarchive/include -I/usr/local/opt/readline/include -I/usr/local/yap/include -I/usr/include -I/Applications/Xcode.app/Contents/Developer/Toolchains/XcodeDefault.xctoolchain/usr/include -I/Users/ysk/bin/eclipse_macosx/include/x86_64_macosx -I/usr/local/opt/glib/include/glib-2.0 -I/usr/local/opt/glibmm/include/glibmm-2.4 -I/usr/local/opt/libxml2/include/libxml2 -I/usr/local/opt/libxml++/include/libxml++-2.6 -I/usr/local/opt/zlib/include conftest.cpp >&5
configure:3263: $? = 0
configure:3272: result: yes
configure:3281: checking whether g++ accepts -g
configure:3301: g++ -c -g  -I/usr/local/opt/libarchive/include -I/usr/local/opt/readline/include -I/usr/local/yap/include -I/usr/include -I/Applications/Xcode.app/Contents/Developer/Toolchains/XcodeDefault.xctoolchain/usr/include -I/Users/ysk/bin/eclipse_macosx/include/x86_64_macosx -I/usr/local/opt/glib/include/glib-2.0 -I/usr/local/opt/glibmm/include/glibmm-2.4 -I/usr/local/opt/libxml2/include/libxml2 -I/usr/local/opt/libxml++/include/libxml++-2.6 -I/usr/local/opt/zlib/include conftest.cpp >&5
configure:3301: $? = 0
configure:3342: result: yes
configure:3376: checking for style of include used by make
configure:3404: result: GNU
configure:3430: checking dependency style of g++
configure:3541: result: gcc3
configure:3604: checking for gcc
configure:3620: found /usr/bin/gcc
configure:3631: result: gcc
configure:3860: checking for C compiler version
configure:3869: gcc --version >&5
Apple LLVM version 5.1 (clang-503.0.40) (based on LLVM 3.4svn)
Target: x86_64-apple-darwin14.0.0
Thread model: posix
Configured with: --prefix=/Applications/Xcode.app/Contents/Developer/usr --with-gxx-include-dir=/usr/include/c++/4.2.1
configure:3880: $? = 0
configure:3869: gcc -v >&5
Configured with: --prefix=/Applications/Xcode.app/Contents/Developer/usr --with-gxx-include-dir=/usr/include/c++/4.2.1
Apple LLVM version 5.1 (clang-503.0.40) (based on LLVM 3.4svn)
Target: x86_64-apple-darwin14.0.0
Thread model: posix
configure:3880: $? = 0
configure:3869: gcc -V >&5
clang: error: argument to '-V' is missing (expected 1 value)
clang: error: no input files
configure:3880: $? = 1
configure:3869: gcc -qversion >&5
clang: error: unknown argument: '-qversion' [-Wunused-command-line-argument-hard-error-in-future]
clang: note: this will be a hard error (cannot be downgraded to a warning) in the future
clang: error: no input files
configure:3880: $? = 1
configure:3884: checking whether we are using the GNU C compiler
configure:3903: gcc -c   -I/usr/local/opt/libarchive/include -I/usr/local/opt/readline/include -I/usr/local/yap/include -I/usr/include -I/Applications/Xcode.app/Contents/Developer/Toolchains/XcodeDefault.xctoolchain/usr/include -I/Users/ysk/bin/eclipse_macosx/include/x86_64_macosx -I/usr/local/opt/glib/include/glib-2.0 -I/usr/local/opt/glibmm/include/glibmm-2.4 -I/usr/local/opt/libxml2/include/libxml2 -I/usr/local/opt/libxml++/include/libxml++-2.6 -I/usr/local/opt/zlib/include conftest.c >&5
configure:3903: $? = 0
configure:3912: result: yes
configure:3921: checking whether gcc accepts -g
configure:3941: gcc -c -g  -I/usr/local/opt/libarchive/include -I/usr/local/opt/readline/include -I/usr/local/yap/include -I/usr/include -I/Applications/Xcode.app/Contents/Developer/Toolchains/XcodeDefault.xctoolchain/usr/include -I/Users/ysk/bin/eclipse_macosx/include/x86_64_macosx -I/usr/local/opt/glib/include/glib-2.0 -I/usr/local/opt/glibmm/include/glibmm-2.4 -I/usr/local/opt/libxml2/include/libxml2 -I/usr/local/opt/libxml++/include/libxml++-2.6 -I/usr/local/opt/zlib/include conftest.c >&5
configure:3941: $? = 0
configure:3982: result: yes
configure:3999: checking for gcc option to accept ISO C89
configure:4062: gcc  -c -g -O2  -I/usr/local/opt/libarchive/include -I/usr/local/opt/readline/include -I/usr/local/yap/include -I/usr/include -I/Applications/Xcode.app/Contents/Developer/Toolchains/XcodeDefault.xctoolchain/usr/include -I/Users/ysk/bin/eclipse_macosx/include/x86_64_macosx -I/usr/local/opt/glib/include/glib-2.0 -I/usr/local/opt/glibmm/include/glibmm-2.4 -I/usr/local/opt/libxml2/include/libxml2 -I/usr/local/opt/libxml++/include/libxml++-2.6 -I/usr/local/opt/zlib/include conftest.c >&5
configure:4062: $? = 0
configure:4075: result: none needed
configure:4100: checking whether gcc understands -c and -o together
configure:4122: gcc -c conftest.c -o conftest2.o
configure:4125: $? = 0
configure:4122: gcc -c conftest.c -o conftest2.o
configure:4125: $? = 0
configure:4137: result: yes
configure:4156: checking dependency style of gcc
configure:4267: result: gcc3
configure:4292: checking how to run the C preprocessor
configure:4323: gcc -E  -I/usr/local/opt/libarchive/include -I/usr/local/opt/readline/include -I/usr/local/yap/include -I/usr/include -I/Applications/Xcode.app/Contents/Developer/Toolchains/XcodeDefault.xctoolchain/usr/include -I/Users/ysk/bin/eclipse_macosx/include/x86_64_macosx -I/usr/local/opt/glib/include/glib-2.0 -I/usr/local/opt/glibmm/include/glibmm-2.4 -I/usr/local/opt/libxml2/include/libxml2 -I/usr/local/opt/libxml++/include/libxml++-2.6 -I/usr/local/opt/zlib/include conftest.c
configure:4323: $? = 0
configure:4337: gcc -E  -I/usr/local/opt/libarchive/include -I/usr/local/opt/readline/include -I/usr/local/yap/include -I/usr/include -I/Applications/Xcode.app/Contents/Developer/Toolchains/XcodeDefault.xctoolchain/usr/include -I/Users/ysk/bin/eclipse_macosx/include/x86_64_macosx -I/usr/local/opt/glib/include/glib-2.0 -I/usr/local/opt/glibmm/include/glibmm-2.4 -I/usr/local/opt/libxml2/include/libxml2 -I/usr/local/opt/libxml++/include/libxml++-2.6 -I/usr/local/opt/zlib/include conftest.c
conftest.c:11:10: fatal error: 'ac_nonexistent.h' file not found
#include <ac_nonexistent.h>
         ^
1 error generated.
configure:4337: $? = 1
configure: failed program was:
| /* confdefs.h */
| #define PACKAGE_NAME "copipe"
| #define PACKAGE_TARNAME "copipe"
| #define PACKAGE_VERSION "1.0"
| #define PACKAGE_STRING "copipe 1.0"
| #define PACKAGE_BUGREPORT "@wore"
| #define PACKAGE_URL ""
| #define PACKAGE "copipe"
| #define VERSION "1.0"
| /* end confdefs.h.  */
| #include <ac_nonexistent.h>
configure:4362: result: gcc -E
configure:4382: gcc -E  -I/usr/local/opt/libarchive/include -I/usr/local/opt/readline/include -I/usr/local/yap/include -I/usr/include -I/Applications/Xcode.app/Contents/Developer/Toolchains/XcodeDefault.xctoolchain/usr/include -I/Users/ysk/bin/eclipse_macosx/include/x86_64_macosx -I/usr/local/opt/glib/include/glib-2.0 -I/usr/local/opt/glibmm/include/glibmm-2.4 -I/usr/local/opt/libxml2/include/libxml2 -I/usr/local/opt/libxml++/include/libxml++-2.6 -I/usr/local/opt/zlib/include conftest.c
configure:4382: $? = 0
configure:4396: gcc -E  -I/usr/local/opt/libarchive/include -I/usr/local/opt/readline/include -I/usr/local/yap/include -I/usr/include -I/Applications/Xcode.app/Contents/Developer/Toolchains/XcodeDefault.xctoolchain/usr/include -I/Users/ysk/bin/eclipse_macosx/include/x86_64_macosx -I/usr/local/opt/glib/include/glib-2.0 -I/usr/local/opt/glibmm/include/glibmm-2.4 -I/usr/local/opt/libxml2/include/libxml2 -I/usr/local/opt/libxml++/include/libxml++-2.6 -I/usr/local/opt/zlib/include conftest.c
conftest.c:11:10: fatal error: 'ac_nonexistent.h' file not found
#include <ac_nonexistent.h>
         ^
1 error generated.
configure:4396: $? = 1
configure: failed program was:
| /* confdefs.h */
| #define PACKAGE_NAME "copipe"
| #define PACKAGE_TARNAME "copipe"
| #define PACKAGE_VERSION "1.0"
| #define PACKAGE_STRING "copipe 1.0"
| #define PACKAGE_BUGREPORT "@wore"
| #define PACKAGE_URL ""
| #define PACKAGE "copipe"
| #define VERSION "1.0"
| /* end confdefs.h.  */
| #include <ac_nonexistent.h>
configure:4425: checking for grep that handles long lines and -e
configure:4483: result: /usr/local/bin/ggrep
configure:4488: checking for egrep
configure:4550: result: /usr/local/bin/ggrep -E
configure:4555: checking for ANSI C header files
configure:4575: gcc -c -g -O2  -I/usr/local/opt/libarchive/include -I/usr/local/opt/readline/include -I/usr/local/yap/include -I/usr/include -I/Applications/Xcode.app/Contents/Developer/Toolchains/XcodeDefault.xctoolchain/usr/include -I/Users/ysk/bin/eclipse_macosx/include/x86_64_macosx -I/usr/local/opt/glib/include/glib-2.0 -I/usr/local/opt/glibmm/include/glibmm-2.4 -I/usr/local/opt/libxml2/include/libxml2 -I/usr/local/opt/libxml++/include/libxml++-2.6 -I/usr/local/opt/zlib/include conftest.c >&5
configure:4575: $? = 0
configure:4648: gcc -o conftest -g -O2  -I/usr/local/opt/libarchive/include -I/usr/local/opt/readline/include -I/usr/local/yap/include -I/usr/include -I/Applications/Xcode.app/Contents/Developer/Toolchains/XcodeDefault.xctoolchain/usr/include -I/Users/ysk/bin/eclipse_macosx/include/x86_64_macosx -I/usr/local/opt/glib/include/glib-2.0 -I/usr/local/opt/glibmm/include/glibmm-2.4 -I/usr/local/opt/libxml2/include/libxml2 -I/usr/local/opt/libxml++/include/libxml++-2.6 -I/usr/local/opt/zlib/include  -L/usr/local/opt/libarchive/lib -L/usr/local/opt/readline/lib -L/usr/local/yap/lib -L/usr/lib -L/Users/ysk/bin/eclipse_macosx/lib -L/usr/local/opt/libxml2/lib -L/usr/local/opt/glib/lib -L/usr/local/opt/glibmm/lib -I/usr/local/opt/libxml++/lib -L/usr/local/opt/zlib/lib conftest.c -lboost_system >&5
configure:4648: $? = 0
configure:4648: ./conftest
configure:4648: $? = 0
configure:4659: result: yes
configure:4672: checking for sys/types.h
configure:4672: gcc -c -g -O2  -I/usr/local/opt/libarchive/include -I/usr/local/opt/readline/include -I/usr/local/yap/include -I/usr/include -I/Applications/Xcode.app/Contents/Developer/Toolchains/XcodeDefault.xctoolchain/usr/include -I/Users/ysk/bin/eclipse_macosx/include/x86_64_macosx -I/usr/local/opt/glib/include/glib-2.0 -I/usr/local/opt/glibmm/include/glibmm-2.4 -I/usr/local/opt/libxml2/include/libxml2 -I/usr/local/opt/libxml++/include/libxml++-2.6 -I/usr/local/opt/zlib/include conftest.c >&5
configure:4672: $? = 0
configure:4672: result: yes
configure:4672: checking for sys/stat.h
configure:4672: gcc -c -g -O2  -I/usr/local/opt/libarchive/include -I/usr/local/opt/readline/include -I/usr/local/yap/include -I/usr/include -I/Applications/Xcode.app/Contents/Developer/Toolchains/XcodeDefault.xctoolchain/usr/include -I/Users/ysk/bin/eclipse_macosx/include/x86_64_macosx -I/usr/local/opt/glib/include/glib-2.0 -I/usr/local/opt/glibmm/include/glibmm-2.4 -I/usr/local/opt/libxml2/include/libxml2 -I/usr/local/opt/libxml++/include/libxml++-2.6 -I/usr/local/opt/zlib/include conftest.c >&5
configure:4672: $? = 0
configure:4672: result: yes
configure:4672: checking for stdlib.h
configure:4672: gcc -c -g -O2  -I/usr/local/opt/libarchive/include -I/usr/local/opt/readline/include -I/usr/local/yap/include -I/usr/include -I/Applications/Xcode.app/Contents/Developer/Toolchains/XcodeDefault.xctoolchain/usr/include -I/Users/ysk/bin/eclipse_macosx/include/x86_64_macosx -I/usr/local/opt/glib/include/glib-2.0 -I/usr/local/opt/glibmm/include/glibmm-2.4 -I/usr/local/opt/libxml2/include/libxml2 -I/usr/local/opt/libxml++/include/libxml++-2.6 -I/usr/local/opt/zlib/include conftest.c >&5
configure:4672: $? = 0
configure:4672: result: yes
configure:4672: checking for string.h
configure:4672: gcc -c -g -O2  -I/usr/local/opt/libarchive/include -I/usr/local/opt/readline/include -I/usr/local/yap/include -I/usr/include -I/Applications/Xcode.app/Contents/Developer/Toolchains/XcodeDefault.xctoolchain/usr/include -I/Users/ysk/bin/eclipse_macosx/include/x86_64_macosx -I/usr/local/opt/glib/include/glib-2.0 -I/usr/local/opt/glibmm/include/glibmm-2.4 -I/usr/local/opt/libxml2/include/libxml2 -I/usr/local/opt/libxml++/include/libxml++-2.6 -I/usr/local/opt/zlib/include conftest.c >&5
configure:4672: $? = 0
configure:4672: result: yes
configure:4672: checking for memory.h
configure:4672: gcc -c -g -O2  -I/usr/local/opt/libarchive/include -I/usr/local/opt/readline/include -I/usr/local/yap/include -I/usr/include -I/Applications/Xcode.app/Contents/Developer/Toolchains/XcodeDefault.xctoolchain/usr/include -I/Users/ysk/bin/eclipse_macosx/include/x86_64_macosx -I/usr/local/opt/glib/include/glib-2.0 -I/usr/local/opt/glibmm/include/glibmm-2.4 -I/usr/local/opt/libxml2/include/libxml2 -I/usr/local/opt/libxml++/include/libxml++-2.6 -I/usr/local/opt/zlib/include conftest.c >&5
configure:4672: $? = 0
configure:4672: result: yes
configure:4672: checking for strings.h
configure:4672: gcc -c -g -O2  -I/usr/local/opt/libarchive/include -I/usr/local/opt/readline/include -I/usr/local/yap/include -I/usr/include -I/Applications/Xcode.app/Contents/Developer/Toolchains/XcodeDefault.xctoolchain/usr/include -I/Users/ysk/bin/eclipse_macosx/include/x86_64_macosx -I/usr/local/opt/glib/include/glib-2.0 -I/usr/local/opt/glibmm/include/glibmm-2.4 -I/usr/local/opt/libxml2/include/libxml2 -I/usr/local/opt/libxml++/include/libxml++-2.6 -I/usr/local/opt/zlib/include conftest.c >&5
configure:4672: $? = 0
configure:4672: result: yes
configure:4672: checking for inttypes.h
configure:4672: gcc -c -g -O2  -I/usr/local/opt/libarchive/include -I/usr/local/opt/readline/include -I/usr/local/yap/include -I/usr/include -I/Applications/Xcode.app/Contents/Developer/Toolchains/XcodeDefault.xctoolchain/usr/include -I/Users/ysk/bin/eclipse_macosx/include/x86_64_macosx -I/usr/local/opt/glib/include/glib-2.0 -I/usr/local/opt/glibmm/include/glibmm-2.4 -I/usr/local/opt/libxml2/include/libxml2 -I/usr/local/opt/libxml++/include/libxml++-2.6 -I/usr/local/opt/zlib/include conftest.c >&5
configure:4672: $? = 0
configure:4672: result: yes
configure:4672: checking for stdint.h
configure:4672: gcc -c -g -O2  -I/usr/local/opt/libarchive/include -I/usr/local/opt/readline/include -I/usr/local/yap/include -I/usr/include -I/Applications/Xcode.app/Contents/Developer/Toolchains/XcodeDefault.xctoolchain/usr/include -I/Users/ysk/bin/eclipse_macosx/include/x86_64_macosx -I/usr/local/opt/glib/include/glib-2.0 -I/usr/local/opt/glibmm/include/glibmm-2.4 -I/usr/local/opt/libxml2/include/libxml2 -I/usr/local/opt/libxml++/include/libxml++-2.6 -I/usr/local/opt/zlib/include conftest.c >&5
configure:4672: $? = 0
configure:4672: result: yes
configure:4672: checking for unistd.h
configure:4672: gcc -c -g -O2  -I/usr/local/opt/libarchive/include -I/usr/local/opt/readline/include -I/usr/local/yap/include -I/usr/include -I/Applications/Xcode.app/Contents/Developer/Toolchains/XcodeDefault.xctoolchain/usr/include -I/Users/ysk/bin/eclipse_macosx/include/x86_64_macosx -I/usr/local/opt/glib/include/glib-2.0 -I/usr/local/opt/glibmm/include/glibmm-2.4 -I/usr/local/opt/libxml2/include/libxml2 -I/usr/local/opt/libxml++/include/libxml++-2.6 -I/usr/local/opt/zlib/include conftest.c >&5
configure:4672: $? = 0
configure:4672: result: yes
configure:4687: checking for stdlib.h
configure:4687: result: yes
configure:4687: checking sys/time.h usability
configure:4687: gcc -c -g -O2  -I/usr/local/opt/libarchive/include -I/usr/local/opt/readline/include -I/usr/local/yap/include -I/usr/include -I/Applications/Xcode.app/Contents/Developer/Toolchains/XcodeDefault.xctoolchain/usr/include -I/Users/ysk/bin/eclipse_macosx/include/x86_64_macosx -I/usr/local/opt/glib/include/glib-2.0 -I/usr/local/opt/glibmm/include/glibmm-2.4 -I/usr/local/opt/libxml2/include/libxml2 -I/usr/local/opt/libxml++/include/libxml++-2.6 -I/usr/local/opt/zlib/include conftest.c >&5
configure:4687: $? = 0
configure:4687: result: yes
configure:4687: checking sys/time.h presence
configure:4687: gcc -E  -I/usr/local/opt/libarchive/include -I/usr/local/opt/readline/include -I/usr/local/yap/include -I/usr/include -I/Applications/Xcode.app/Contents/Developer/Toolchains/XcodeDefault.xctoolchain/usr/include -I/Users/ysk/bin/eclipse_macosx/include/x86_64_macosx -I/usr/local/opt/glib/include/glib-2.0 -I/usr/local/opt/glibmm/include/glibmm-2.4 -I/usr/local/opt/libxml2/include/libxml2 -I/usr/local/opt/libxml++/include/libxml++-2.6 -I/usr/local/opt/zlib/include conftest.c
configure:4687: $? = 0
configure:4687: result: yes
configure:4687: checking for sys/time.h
configure:4687: result: yes
configure:4687: checking for unistd.h
configure:4687: result: yes
configure:4699: checking for stdbool.h that conforms to C99
configure:4766: gcc -c -g -O2  -I/usr/local/opt/libarchive/include -I/usr/local/opt/readline/include -I/usr/local/yap/include -I/usr/include -I/Applications/Xcode.app/Contents/Developer/Toolchains/XcodeDefault.xctoolchain/usr/include -I/Users/ysk/bin/eclipse_macosx/include/x86_64_macosx -I/usr/local/opt/glib/include/glib-2.0 -I/usr/local/opt/glibmm/include/glibmm-2.4 -I/usr/local/opt/libxml2/include/libxml2 -I/usr/local/opt/libxml++/include/libxml++-2.6 -I/usr/local/opt/zlib/include conftest.c >&5
configure:4766: $? = 0
configure:4773: result: yes
configure:4775: checking for _Bool
configure:4775: gcc -c -g -O2  -I/usr/local/opt/libarchive/include -I/usr/local/opt/readline/include -I/usr/local/yap/include -I/usr/include -I/Applications/Xcode.app/Contents/Developer/Toolchains/XcodeDefault.xctoolchain/usr/include -I/Users/ysk/bin/eclipse_macosx/include/x86_64_macosx -I/usr/local/opt/glib/include/glib-2.0 -I/usr/local/opt/glibmm/include/glibmm-2.4 -I/usr/local/opt/libxml2/include/libxml2 -I/usr/local/opt/libxml++/include/libxml++-2.6 -I/usr/local/opt/zlib/include conftest.c >&5
configure:4775: $? = 0
configure:4775: gcc -c -g -O2  -I/usr/local/opt/libarchive/include -I/usr/local/opt/readline/include -I/usr/local/yap/include -I/usr/include -I/Applications/Xcode.app/Contents/Developer/Toolchains/XcodeDefault.xctoolchain/usr/include -I/Users/ysk/bin/eclipse_macosx/include/x86_64_macosx -I/usr/local/opt/glib/include/glib-2.0 -I/usr/local/opt/glibmm/include/glibmm-2.4 -I/usr/local/opt/libxml2/include/libxml2 -I/usr/local/opt/libxml++/include/libxml++-2.6 -I/usr/local/opt/zlib/include conftest.c >&5
conftest.c:60:20: error: expected expression
if (sizeof ((_Bool)))
                   ^
1 error generated.
configure:4775: $? = 1
configure: failed program was:
| /* confdefs.h */
| #define PACKAGE_NAME "copipe"
| #define PACKAGE_TARNAME "copipe"
| #define PACKAGE_VERSION "1.0"
| #define PACKAGE_STRING "copipe 1.0"
| #define PACKAGE_BUGREPORT "@wore"
| #define PACKAGE_URL ""
| #define PACKAGE "copipe"
| #define VERSION "1.0"
| #define STDC_HEADERS 1
| #define HAVE_SYS_TYPES_H 1
| #define HAVE_SYS_STAT_H 1
| #define HAVE_STDLIB_H 1
| #define HAVE_STRING_H 1
| #define HAVE_MEMORY_H 1
| #define HAVE_STRINGS_H 1
| #define HAVE_INTTYPES_H 1
| #define HAVE_STDINT_H 1
| #define HAVE_UNISTD_H 1
| #define HAVE_STDLIB_H 1
| #define HAVE_SYS_TIME_H 1
| #define HAVE_UNISTD_H 1
| /* end confdefs.h.  */
| #include <stdio.h>
| #ifdef HAVE_SYS_TYPES_H
| # include <sys/types.h>
| #endif
| #ifdef HAVE_SYS_STAT_H
| # include <sys/stat.h>
| #endif
| #ifdef STDC_HEADERS
| # include <stdlib.h>
| # include <stddef.h>
| #else
| # ifdef HAVE_STDLIB_H
| #  include <stdlib.h>
| # endif
| #endif
| #ifdef HAVE_STRING_H
| # if !defined STDC_HEADERS && defined HAVE_MEMORY_H
| #  include <memory.h>
| # endif
| # include <string.h>
| #endif
| #ifdef HAVE_STRINGS_H
| # include <strings.h>
| #endif
| #ifdef HAVE_INTTYPES_H
| # include <inttypes.h>
| #endif
| #ifdef HAVE_STDINT_H
| # include <stdint.h>
| #endif
| #ifdef HAVE_UNISTD_H
| # include <unistd.h>
| #endif
| int
| main ()
| {
| if (sizeof ((_Bool)))
| 	    return 0;
|   ;
|   return 0;
| }
configure:4775: result: yes
configure:4788: checking for pid_t
configure:4788: gcc -c -g -O2  -I/usr/local/opt/libarchive/include -I/usr/local/opt/readline/include -I/usr/local/yap/include -I/usr/include -I/Applications/Xcode.app/Contents/Developer/Toolchains/XcodeDefault.xctoolchain/usr/include -I/Users/ysk/bin/eclipse_macosx/include/x86_64_macosx -I/usr/local/opt/glib/include/glib-2.0 -I/usr/local/opt/glibmm/include/glibmm-2.4 -I/usr/local/opt/libxml2/include/libxml2 -I/usr/local/opt/libxml++/include/libxml++-2.6 -I/usr/local/opt/zlib/include conftest.c >&5
configure:4788: $? = 0
configure:4788: gcc -c -g -O2  -I/usr/local/opt/libarchive/include -I/usr/local/opt/readline/include -I/usr/local/yap/include -I/usr/include -I/Applications/Xcode.app/Contents/Developer/Toolchains/XcodeDefault.xctoolchain/usr/include -I/Users/ysk/bin/eclipse_macosx/include/x86_64_macosx -I/usr/local/opt/glib/include/glib-2.0 -I/usr/local/opt/glibmm/include/glibmm-2.4 -I/usr/local/opt/libxml2/include/libxml2 -I/usr/local/opt/libxml++/include/libxml++-2.6 -I/usr/local/opt/zlib/include conftest.c >&5
conftest.c:61:20: error: expected expression
if (sizeof ((pid_t)))
                   ^
1 error generated.
configure:4788: $? = 1
configure: failed program was:
| /* confdefs.h */
| #define PACKAGE_NAME "copipe"
| #define PACKAGE_TARNAME "copipe"
| #define PACKAGE_VERSION "1.0"
| #define PACKAGE_STRING "copipe 1.0"
| #define PACKAGE_BUGREPORT "@wore"
| #define PACKAGE_URL ""
| #define PACKAGE "copipe"
| #define VERSION "1.0"
| #define STDC_HEADERS 1
| #define HAVE_SYS_TYPES_H 1
| #define HAVE_SYS_STAT_H 1
| #define HAVE_STDLIB_H 1
| #define HAVE_STRING_H 1
| #define HAVE_MEMORY_H 1
| #define HAVE_STRINGS_H 1
| #define HAVE_INTTYPES_H 1
| #define HAVE_STDINT_H 1
| #define HAVE_UNISTD_H 1
| #define HAVE_STDLIB_H 1
| #define HAVE_SYS_TIME_H 1
| #define HAVE_UNISTD_H 1
| #define HAVE__BOOL 1
| /* end confdefs.h.  */
| #include <stdio.h>
| #ifdef HAVE_SYS_TYPES_H
| # include <sys/types.h>
| #endif
| #ifdef HAVE_SYS_STAT_H
| # include <sys/stat.h>
| #endif
| #ifdef STDC_HEADERS
| # include <stdlib.h>
| # include <stddef.h>
| #else
| # ifdef HAVE_STDLIB_H
| #  include <stdlib.h>
| # endif
| #endif
| #ifdef HAVE_STRING_H
| # if !defined STDC_HEADERS && defined HAVE_MEMORY_H
| #  include <memory.h>
| # endif
| # include <string.h>
| #endif
| #ifdef HAVE_STRINGS_H
| # include <strings.h>
| #endif
| #ifdef HAVE_INTTYPES_H
| # include <inttypes.h>
| #endif
| #ifdef HAVE_STDINT_H
| # include <stdint.h>
| #endif
| #ifdef HAVE_UNISTD_H
| # include <unistd.h>
| #endif
| int
| main ()
| {
| if (sizeof ((pid_t)))
| 	    return 0;
|   ;
|   return 0;
| }
configure:4788: result: yes
configure:4801: checking vfork.h usability
configure:4801: gcc -c -g -O2  -I/usr/local/opt/libarchive/include -I/usr/local/opt/readline/include -I/usr/local/yap/include -I/usr/include -I/Applications/Xcode.app/Contents/Developer/Toolchains/XcodeDefault.xctoolchain/usr/include -I/Users/ysk/bin/eclipse_macosx/include/x86_64_macosx -I/usr/local/opt/glib/include/glib-2.0 -I/usr/local/opt/glibmm/include/glibmm-2.4 -I/usr/local/opt/libxml2/include/libxml2 -I/usr/local/opt/libxml++/include/libxml++-2.6 -I/usr/local/opt/zlib/include conftest.c >&5
conftest.c:58:10: fatal error: 'vfork.h' file not found
#include <vfork.h>
         ^
1 error generated.
configure:4801: $? = 1
configure: failed program was:
| /* confdefs.h */
| #define PACKAGE_NAME "copipe"
| #define PACKAGE_TARNAME "copipe"
| #define PACKAGE_VERSION "1.0"
| #define PACKAGE_STRING "copipe 1.0"
| #define PACKAGE_BUGREPORT "@wore"
| #define PACKAGE_URL ""
| #define PACKAGE "copipe"
| #define VERSION "1.0"
| #define STDC_HEADERS 1
| #define HAVE_SYS_TYPES_H 1
| #define HAVE_SYS_STAT_H 1
| #define HAVE_STDLIB_H 1
| #define HAVE_STRING_H 1
| #define HAVE_MEMORY_H 1
| #define HAVE_STRINGS_H 1
| #define HAVE_INTTYPES_H 1
| #define HAVE_STDINT_H 1
| #define HAVE_UNISTD_H 1
| #define HAVE_STDLIB_H 1
| #define HAVE_SYS_TIME_H 1
| #define HAVE_UNISTD_H 1
| #define HAVE__BOOL 1
| /* end confdefs.h.  */
| #include <stdio.h>
| #ifdef HAVE_SYS_TYPES_H
| # include <sys/types.h>
| #endif
| #ifdef HAVE_SYS_STAT_H
| # include <sys/stat.h>
| #endif
| #ifdef STDC_HEADERS
| # include <stdlib.h>
| # include <stddef.h>
| #else
| # ifdef HAVE_STDLIB_H
| #  include <stdlib.h>
| # endif
| #endif
| #ifdef HAVE_STRING_H
| # if !defined STDC_HEADERS && defined HAVE_MEMORY_H
| #  include <memory.h>
| # endif
| # include <string.h>
| #endif
| #ifdef HAVE_STRINGS_H
| # include <strings.h>
| #endif
| #ifdef HAVE_INTTYPES_H
| # include <inttypes.h>
| #endif
| #ifdef HAVE_STDINT_H
| # include <stdint.h>
| #endif
| #ifdef HAVE_UNISTD_H
| # include <unistd.h>
| #endif
| #include <vfork.h>
configure:4801: result: no
configure:4801: checking vfork.h presence
configure:4801: gcc -E  -I/usr/local/opt/libarchive/include -I/usr/local/opt/readline/include -I/usr/local/yap/include -I/usr/include -I/Applications/Xcode.app/Contents/Developer/Toolchains/XcodeDefault.xctoolchain/usr/include -I/Users/ysk/bin/eclipse_macosx/include/x86_64_macosx -I/usr/local/opt/glib/include/glib-2.0 -I/usr/local/opt/glibmm/include/glibmm-2.4 -I/usr/local/opt/libxml2/include/libxml2 -I/usr/local/opt/libxml++/include/libxml++-2.6 -I/usr/local/opt/zlib/include conftest.c
conftest.c:25:10: fatal error: 'vfork.h' file not found
#include <vfork.h>
         ^
1 error generated.
configure:4801: $? = 1
configure: failed program was:
| /* confdefs.h */
| #define PACKAGE_NAME "copipe"
| #define PACKAGE_TARNAME "copipe"
| #define PACKAGE_VERSION "1.0"
| #define PACKAGE_STRING "copipe 1.0"
| #define PACKAGE_BUGREPORT "@wore"
| #define PACKAGE_URL ""
| #define PACKAGE "copipe"
| #define VERSION "1.0"
| #define STDC_HEADERS 1
| #define HAVE_SYS_TYPES_H 1
| #define HAVE_SYS_STAT_H 1
| #define HAVE_STDLIB_H 1
| #define HAVE_STRING_H 1
| #define HAVE_MEMORY_H 1
| #define HAVE_STRINGS_H 1
| #define HAVE_INTTYPES_H 1
| #define HAVE_STDINT_H 1
| #define HAVE_UNISTD_H 1
| #define HAVE_STDLIB_H 1
| #define HAVE_SYS_TIME_H 1
| #define HAVE_UNISTD_H 1
| #define HAVE__BOOL 1
| /* end confdefs.h.  */
| #include <vfork.h>
configure:4801: result: no
configure:4801: checking for vfork.h
configure:4801: result: no
configure:4814: checking for fork
configure:4814: gcc -o conftest -g -O2  -I/usr/local/opt/libarchive/include -I/usr/local/opt/readline/include -I/usr/local/yap/include -I/usr/include -I/Applications/Xcode.app/Contents/Developer/Toolchains/XcodeDefault.xctoolchain/usr/include -I/Users/ysk/bin/eclipse_macosx/include/x86_64_macosx -I/usr/local/opt/glib/include/glib-2.0 -I/usr/local/opt/glibmm/include/glibmm-2.4 -I/usr/local/opt/libxml2/include/libxml2 -I/usr/local/opt/libxml++/include/libxml++-2.6 -I/usr/local/opt/zlib/include  -L/usr/local/opt/libarchive/lib -L/usr/local/opt/readline/lib -L/usr/local/yap/lib -L/usr/lib -L/Users/ysk/bin/eclipse_macosx/lib -L/usr/local/opt/libxml2/lib -L/usr/local/opt/glib/lib -L/usr/local/opt/glibmm/lib -I/usr/local/opt/libxml++/lib -L/usr/local/opt/zlib/lib conftest.c -lboost_system >&5
configure:4814: $? = 0
configure:4814: result: yes
configure:4814: checking for vfork
configure:4814: gcc -o conftest -g -O2  -I/usr/local/opt/libarchive/include -I/usr/local/opt/readline/include -I/usr/local/yap/include -I/usr/include -I/Applications/Xcode.app/Contents/Developer/Toolchains/XcodeDefault.xctoolchain/usr/include -I/Users/ysk/bin/eclipse_macosx/include/x86_64_macosx -I/usr/local/opt/glib/include/glib-2.0 -I/usr/local/opt/glibmm/include/glibmm-2.4 -I/usr/local/opt/libxml2/include/libxml2 -I/usr/local/opt/libxml++/include/libxml++-2.6 -I/usr/local/opt/zlib/include  -L/usr/local/opt/libarchive/lib -L/usr/local/opt/readline/lib -L/usr/local/yap/lib -L/usr/lib -L/Users/ysk/bin/eclipse_macosx/lib -L/usr/local/opt/libxml2/lib -L/usr/local/opt/glib/lib -L/usr/local/opt/glibmm/lib -I/usr/local/opt/libxml++/lib -L/usr/local/opt/zlib/lib conftest.c -lboost_system >&5
conftest.c:49:6: warning: incompatible redeclaration of library function 'vfork' [-Wincompatible-library-redeclaration]
char vfork ();
     ^
conftest.c:49:6: note: 'vfork' is a builtin with type 'int (void)'
1 warning generated.
configure:4814: $? = 0
configure:4814: result: yes
configure:4824: checking for working fork
configure:4846: gcc -o conftest -g -O2  -I/usr/local/opt/libarchive/include -I/usr/local/opt/readline/include -I/usr/local/yap/include -I/usr/include -I/Applications/Xcode.app/Contents/Developer/Toolchains/XcodeDefault.xctoolchain/usr/include -I/Users/ysk/bin/eclipse_macosx/include/x86_64_macosx -I/usr/local/opt/glib/include/glib-2.0 -I/usr/local/opt/glibmm/include/glibmm-2.4 -I/usr/local/opt/libxml2/include/libxml2 -I/usr/local/opt/libxml++/include/libxml++-2.6 -I/usr/local/opt/zlib/include  -L/usr/local/opt/libarchive/lib -L/usr/local/opt/readline/lib -L/usr/local/yap/lib -L/usr/lib -L/Users/ysk/bin/eclipse_macosx/lib -L/usr/local/opt/libxml2/lib -L/usr/local/opt/glib/lib -L/usr/local/opt/glibmm/lib -I/usr/local/opt/libxml++/lib -L/usr/local/opt/zlib/lib conftest.c -lboost_system >&5
configure:4846: $? = 0
configure:4846: ./conftest
configure:4846: $? = 0
configure:4856: result: yes
configure:4877: checking for working vfork
configure:4987: result: yes
configure:5015: checking for dup2
configure:5015: gcc -o conftest -g -O2  -I/usr/local/opt/libarchive/include -I/usr/local/opt/readline/include -I/usr/local/yap/include -I/usr/include -I/Applications/Xcode.app/Contents/Developer/Toolchains/XcodeDefault.xctoolchain/usr/include -I/Users/ysk/bin/eclipse_macosx/include/x86_64_macosx -I/usr/local/opt/glib/include/glib-2.0 -I/usr/local/opt/glibmm/include/glibmm-2.4 -I/usr/local/opt/libxml2/include/libxml2 -I/usr/local/opt/libxml++/include/libxml++-2.6 -I/usr/local/opt/zlib/include  -L/usr/local/opt/libarchive/lib -L/usr/local/opt/readline/lib -L/usr/local/yap/lib -L/usr/lib -L/Users/ysk/bin/eclipse_macosx/lib -L/usr/local/opt/libxml2/lib -L/usr/local/opt/glib/lib -L/usr/local/opt/glibmm/lib -I/usr/local/opt/libxml++/lib -L/usr/local/opt/zlib/lib conftest.c -lboost_system >&5
configure:5015: $? = 0
configure:5015: result: yes
configure:5015: checking for socket
configure:5015: gcc -o conftest -g -O2  -I/usr/local/opt/libarchive/include -I/usr/local/opt/readline/include -I/usr/local/yap/include -I/usr/include -I/Applications/Xcode.app/Contents/Developer/Toolchains/XcodeDefault.xctoolchain/usr/include -I/Users/ysk/bin/eclipse_macosx/include/x86_64_macosx -I/usr/local/opt/glib/include/glib-2.0 -I/usr/local/opt/glibmm/include/glibmm-2.4 -I/usr/local/opt/libxml2/include/libxml2 -I/usr/local/opt/libxml++/include/libxml++-2.6 -I/usr/local/opt/zlib/include  -L/usr/local/opt/libarchive/lib -L/usr/local/opt/readline/lib -L/usr/local/yap/lib -L/usr/lib -L/Users/ysk/bin/eclipse_macosx/lib -L/usr/local/opt/libxml2/lib -L/usr/local/opt/glib/lib -L/usr/local/opt/glibmm/lib -I/usr/local/opt/libxml++/lib -L/usr/local/opt/zlib/lib conftest.c -lboost_system >&5
configure:5015: $? = 0
configure:5015: result: yes
configure:5136: checking that generated files are newer than configure
configure:5142: result: done
configure:5169: creating ./config.status

## ---------------------- ##
## Running config.status. ##
## ---------------------- ##

This file was extended by copipe config.status 1.0, which was
generated by GNU Autoconf 2.69.  Invocation command line was

  CONFIG_FILES    = 
  CONFIG_HEADERS  = 
  CONFIG_LINKS    = 
  CONFIG_COMMANDS = 
  $ ./config.status 

on MICKY.local

config.status:872: creating Makefile
config.status:872: creating config.h
config.status:1053: config.h is unchanged
config.status:1101: executing depfiles commands

## ---------------- ##
## Cache variables. ##
## ---------------- ##

ac_cv_c_compiler_gnu=yes
ac_cv_cxx_compiler_gnu=yes
ac_cv_env_CCC_set=
ac_cv_env_CCC_value=
ac_cv_env_CC_set=
ac_cv_env_CC_value=
ac_cv_env_CFLAGS_set=
ac_cv_env_CFLAGS_value=
ac_cv_env_CPPFLAGS_set=set
ac_cv_env_CPPFLAGS_value=' -I/usr/local/opt/libarchive/include -I/usr/local/opt/readline/include -I/usr/local/yap/include -I/usr/include -I/Applications/Xcode.app/Contents/Developer/Toolchains/XcodeDefault.xctoolchain/usr/include -I/Users/ysk/bin/eclipse_macosx/include/x86_64_macosx -I/usr/local/opt/glib/include/glib-2.0 -I/usr/local/opt/glibmm/include/glibmm-2.4 -I/usr/local/opt/libxml2/include/libxml2 -I/usr/local/opt/libxml++/include/libxml++-2.6 -I/usr/local/opt/zlib/include'
ac_cv_env_CPP_set=
ac_cv_env_CPP_value=
ac_cv_env_CXXFLAGS_set=set
ac_cv_env_CXXFLAGS_value=-std=c++11
ac_cv_env_CXX_set=
ac_cv_env_CXX_value=
ac_cv_env_LDFLAGS_set=set
ac_cv_env_LDFLAGS_value=' -L/usr/local/opt/libarchive/lib -L/usr/local/opt/readline/lib -L/usr/local/yap/lib -L/usr/lib -L/Users/ysk/bin/eclipse_macosx/lib -L/usr/local/opt/libxml2/lib -L/usr/local/opt/glib/lib -L/usr/local/opt/glibmm/lib -I/usr/local/opt/libxml++/lib -L/usr/local/opt/zlib/lib'
ac_cv_env_LIBS_set=set
ac_cv_env_LIBS_value=-lboost_system
ac_cv_env_build_alias_set=
ac_cv_env_build_alias_value=
ac_cv_env_host_alias_set=
ac_cv_env_host_alias_value=
ac_cv_env_target_alias_set=
ac_cv_env_target_alias_value=
ac_cv_func_dup2=yes
ac_cv_func_fork=yes
ac_cv_func_fork_works=yes
ac_cv_func_socket=yes
ac_cv_func_vfork=yes
ac_cv_func_vfork_works=yes
ac_cv_header_inttypes_h=yes
ac_cv_header_memory_h=yes
ac_cv_header_stdbool_h=yes
ac_cv_header_stdc=yes
ac_cv_header_stdint_h=yes
ac_cv_header_stdlib_h=yes
ac_cv_header_string_h=yes
ac_cv_header_strings_h=yes
ac_cv_header_sys_stat_h=yes
ac_cv_header_sys_time_h=yes
ac_cv_header_sys_types_h=yes
ac_cv_header_unistd_h=yes
ac_cv_header_vfork_h=no
ac_cv_objext=o
ac_cv_path_EGREP='/usr/local/bin/ggrep -E'
ac_cv_path_GREP=/usr/local/bin/ggrep
ac_cv_path_install='/usr/local/bin/ginstall -c'
ac_cv_path_mkdir=/usr/local/bin/gmkdir
ac_cv_prog_AWK=gawk
ac_cv_prog_CPP='gcc -E'
ac_cv_prog_ac_ct_CC=gcc
ac_cv_prog_ac_ct_CXX=g++
ac_cv_prog_cc_c89=
ac_cv_prog_cc_g=yes
ac_cv_prog_cxx_g=yes
ac_cv_prog_make_make_set=yes
ac_cv_type__Bool=yes
ac_cv_type_pid_t=yes
am_cv_CC_dependencies_compiler_type=gcc3
am_cv_CXX_dependencies_compiler_type=gcc3
am_cv_make_support_nested_variables=yes
am_cv_prog_cc_c_o=yes

## ----------------- ##
## Output variables. ##
## ----------------- ##

ACLOCAL='${SHELL} /Users/ysk/Dropbox/work/copipe/missing aclocal-1.15'
AMDEPBACKSLASH='\'
AMDEP_FALSE='#'
AMDEP_TRUE=''
AMTAR='$${TAR-tar}'
AM_BACKSLASH='\'
AM_DEFAULT_V='$(AM_DEFAULT_VERBOSITY)'
AM_DEFAULT_VERBOSITY='1'
AM_V='$(V)'
AUTOCONF='${SHELL} /Users/ysk/Dropbox/work/copipe/missing autoconf'
AUTOHEADER='${SHELL} /Users/ysk/Dropbox/work/copipe/missing autoheader'
AUTOMAKE='${SHELL} /Users/ysk/Dropbox/work/copipe/missing automake-1.15'
AWK='gawk'
CC='gcc'
CCDEPMODE='depmode=gcc3'
CFLAGS='-g -O2'
CPP='gcc -E'
CPPFLAGS=' -I/usr/local/opt/libarchive/include -I/usr/local/opt/readline/include -I/usr/local/yap/include -I/usr/include -I/Applications/Xcode.app/Contents/Developer/Toolchains/XcodeDefault.xctoolchain/usr/include -I/Users/ysk/bin/eclipse_macosx/include/x86_64_macosx -I/usr/local/opt/glib/include/glib-2.0 -I/usr/local/opt/glibmm/include/glibmm-2.4 -I/usr/local/opt/libxml2/include/libxml2 -I/usr/local/opt/libxml++/include/libxml++-2.6 -I/usr/local/opt/zlib/include'
CXX='g++'
CXXDEPMODE='depmode=gcc3'
CXXFLAGS='-std=c++11'
CYGPATH_W='echo'
DEFS='-DHAVE_CONFIG_H'
DEPDIR='.deps'
ECHO_C='\c'
ECHO_N=''
ECHO_T=''
EGREP='/usr/local/bin/ggrep -E'
EXEEXT=''
GREP='/usr/local/bin/ggrep'
INSTALL_DATA='${INSTALL} -m 644'
INSTALL_PROGRAM='${INSTALL}'
INSTALL_SCRIPT='${INSTALL}'
INSTALL_STRIP_PROGRAM='$(install_sh) -c -s'
LDFLAGS=' -L/usr/local/opt/libarchive/lib -L/usr/local/opt/readline/lib -L/usr/local/yap/lib -L/usr/lib -L/Users/ysk/bin/eclipse_macosx/lib -L/usr/local/opt/libxml2/lib -L/usr/local/opt/glib/lib -L/usr/local/opt/glibmm/lib -I/usr/local/opt/libxml++/lib -L/usr/local/opt/zlib/lib'
LIBOBJS=''
LIBS='-lboost_system'
LTLIBOBJS=''
MAKEINFO='${SHELL} /Users/ysk/Dropbox/work/copipe/missing makeinfo'
MKDIR_P='/usr/local/bin/gmkdir -p'
OBJEXT='o'
PACKAGE='copipe'
PACKAGE_BUGREPORT='@wore'
PACKAGE_NAME='copipe'
PACKAGE_STRING='copipe 1.0'
PACKAGE_TARNAME='copipe'
PACKAGE_URL=''
PACKAGE_VERSION='1.0'
PATH_SEPARATOR=':'
SET_MAKE=''
SHELL='/bin/sh'
STRIP=''
VERSION='1.0'
ac_ct_CC='gcc'
ac_ct_CXX='g++'
am__EXEEXT_FALSE=''
am__EXEEXT_TRUE='#'
am__fastdepCC_FALSE='#'
am__fastdepCC_TRUE=''
am__fastdepCXX_FALSE='#'
am__fastdepCXX_TRUE=''
am__include='include'
am__isrc=''
am__leading_dot='.'
am__nodep='_no'
am__quote=''
am__tar='$${TAR-tar} chof - "$$tardir"'
am__untar='$${TAR-tar} xf -'
bindir='${exec_prefix}/bin'
build_alias=''
datadir='${datarootdir}'
datarootdir='${prefix}/share'
docdir='${datarootdir}/doc/${PACKAGE_TARNAME}'
dvidir='${docdir}'
exec_prefix='${prefix}'
host_alias=''
htmldir='${docdir}'
includedir='${prefix}/include'
infodir='${datarootdir}/info'
install_sh='${SHELL} /Users/ysk/Dropbox/work/copipe/install-sh'
libdir='${exec_prefix}/lib'
libexecdir='${exec_prefix}/libexec'
localedir='${datarootdir}/locale'
localstatedir='${prefix}/var'
mandir='${datarootdir}/man'
mkdir_p='$(MKDIR_P)'
oldincludedir='/usr/include'
pdfdir='${docdir}'
prefix='/usr/local'
program_transform_name='s,x,x,'
psdir='${docdir}'
sbindir='${exec_prefix}/sbin'
sharedstatedir='${prefix}/com'
sysconfdir='${prefix}/etc'
target_alias=''

## ----------- ##
## confdefs.h. ##
## ----------- ##

/* confdefs.h */
#define PACKAGE_NAME "copipe"
#define PACKAGE_TARNAME "copipe"
#define PACKAGE_VERSION "1.0"
#define PACKAGE_STRING "copipe 1.0"
#define PACKAGE_BUGREPORT "@wore"
#define PACKAGE_URL ""
#define PACKAGE "copipe"
#define VERSION "1.0"
#define STDC_HEADERS 1
#define HAVE_SYS_TYPES_H 1
#define HAVE_SYS_STAT_H 1
#define HAVE_STDLIB_H 1
#define HAVE_STRING_H 1
#define HAVE_MEMORY_H 1
#define HAVE_STRINGS_H 1
#define HAVE_INTTYPES_H 1
#define HAVE_STDINT_H 1
#define HAVE_UNISTD_H 1
#define HAVE_STDLIB_H 1
#define HAVE_SYS_TIME_H 1
#define HAVE_UNISTD_H 1
#define HAVE__BOOL 1
#define HAVE_FORK 1
#define HAVE_VFORK 1
#define HAVE_WORKING_VFORK 1
#define HAVE_WORKING_FORK 1
#define HAVE_DUP2 1
#define HAVE_SOCKET 1

configure: exit 0
